<?xml version="1.0" encoding="UTF-8"?>
<!-- Generated by org.testng.reporters.JUnitReportReporter -->
<testsuite hostname="DESKTOP-V89NTNP" failures="0" tests="1" name="runner.Runner" time="4.547" errors="0" timestamp="2023-06-04T22:36:10 IST" skipped="0">
  <testcase classname="runner.Runner" name="runScenario" time="4.547"/>
  <system-out/>
</testsuite> <!-- runner.Runner -->
