<?xml version="1.0" encoding="UTF-8"?>
<!-- Generated by org.testng.reporters.JUnitReportReporter -->
<testsuite hostname="DESKTOP-V89NTNP" failures="0" tests="1" name="tests.TwoTest" time="7.628" errors="0" timestamp="2023-06-04T14:08:36 IST" skipped="0">
  <testcase classname="tests.TwoTest" name="testTwo" time="7.628"/>
  <system-out/>
</testsuite> <!-- tests.TwoTest -->
