<?xml version="1.0" encoding="UTF-8"?>
<!-- Generated by org.testng.reporters.JUnitReportReporter -->
<testsuite hostname="DESKTOP-V89NTNP" failures="0" tests="2" name="tests.LoginTest" time="21.972" errors="0" timestamp="2023-06-04T14:08:36 IST" skipped="0">
  <testcase classname="tests.LoginTest" name="login" time="16.859"/>
  <system-out/>
  <testcase classname="tests.LoginTest" name="login" time="5.113"/>
  <system-out/>
</testsuite> <!-- tests.LoginTest -->
