<?xml version="1.0" encoding="UTF-8"?>
<!-- Generated by org.testng.reporters.JUnitReportReporter -->
<testsuite skipped="0" hostname="DESKTOP-V89NTNP" name="tests.LoginTest" tests="2" failures="0" timestamp="2023-06-03T19:54:03 IST" time="23.012" errors="0">
  <testcase name="login" time="3.239" classname="tests.LoginTest"/>
  <system-out/>
  <testcase name="login" time="19.773" classname="tests.LoginTest"/>
  <system-out/>
</testsuite> <!-- tests.LoginTest -->
